# JRE version: OpenJDK Runtime Environment (17.0.10) (build 17.0.10+0--11609105)
# Java VM: OpenJDK 64-Bit Server VM (17.0.10+0--11609105, mixed mode, tiered, compressed oops, compressed class ptrs, g1 gc, windows-amd64)
GC Precious Log:
 CPUs: 8 total, 8 available
 Memory: 7932M
 Large Page Support: Disabled
 NUMA Support: Disabled
 Compressed Oops: Enabled (32-bit)
 Heap Region Size: 1M
 Heap Min Capacity: 8M
 Heap Initial Capacity: 124M
 Heap Max Capacity: 2G
 Pre-touch: Disabled
 Parallel Workers: 8
 Concurrent Workers: 2
 Concurrent Refinement Workers: 8
 Periodic GC: Disabled
Heap:
 garbage-first heap   total 159744K, used 87286K [0x0000000080000000, 0x0000000100000000)
  region size 1024K, 2 young (2048K), 2 survivors (2048K)
 Metaspace       used 88553K, committed 89152K, reserved 1179648K
  class space    used 12210K, committed 12480K, reserved 1048576K
GC Heap History (20 events):
Event: 8.912 GC heap after
{Heap after GC invocations=23 (full 0):
 garbage-first heap   total 114688K, used 63324K [0x0000000080000000, 0x0000000100000000)
  region size 1024K, 1 young (1024K), 1 survivors (1024K)
 Metaspace       used 58993K, committed 59520K, reserved 1114112K
  class space    used 8100K, committed 8384K, reserved 1048576K
}
Event: 8.953 GC heap before
{Heap before GC invocations=23 (full 0):
 garbage-first heap   total 114688K, used 66396K [0x0000000080000000, 0x0000000100000000)
  region size 1024K, 5 young (5120K), 1 survivors (1024K)
 Metaspace       used 59331K, committed 59904K, reserved 1114112K
  class space    used 8138K, committed 8384K, reserved 1048576K
}
Event: 8.955 GC heap after
{Heap after GC invocations=24 (full 0):
 garbage-first heap   total 159744K, used 62994K [0x0000000080000000, 0x0000000100000000)
  region size 1024K, 1 young (1024K), 1 survivors (1024K)
 Metaspace       used 59331K, committed 59904K, reserved 1114112K
  class space    used 8138K, committed 8384K, reserved 1048576K
}
Event: 9.777 GC heap before
{Heap before GC invocations=24 (full 0):
 garbage-first heap   total 159744K, used 115218K [0x0000000080000000, 0x0000000100000000)
  region size 1024K, 52 young (53248K), 1 survivors (1024K)
 Metaspace       used 64692K, committed 65216K, reserved 1114112K
  class space    used 8714K, committed 8960K, reserved 1048576K
}
Event: 9.780 GC heap after
{Heap after GC invocations=25 (full 0):
 garbage-first heap   total 159744K, used 64281K [0x0000000080000000, 0x0000000100000000)
  region size 1024K, 2 young (2048K), 2 survivors (2048K)
 Metaspace       used 64692K, committed 65216K, reserved 1114112K
  class space    used 8714K, committed 8960K, reserved 1048576K
}
Event: 10.513 GC heap before
{Heap before GC invocations=25 (full 0):
 garbage-first heap   total 159744K, used 126745K [0x0000000080000000, 0x0000000100000000)
  region size 1024K, 58 young (59392K), 2 survivors (2048K)
 Metaspace       used 69781K, committed 70400K, reserved 1114112K
  class space    used 9419K, committed 9728K, reserved 1048576K
}
Event: 10.519 GC heap after
{Heap after GC invocations=26 (full 0):
 garbage-first heap   total 159744K, used 70617K [0x0000000080000000, 0x0000000100000000)
  region size 1024K, 7 young (7168K), 7 survivors (7168K)
 Metaspace       used 69781K, committed 70400K, reserved 1114112K
  class space    used 9419K, committed 9728K, reserved 1048576K
}
Event: 11.130 GC heap before
{Heap before GC invocations=26 (full 0):
 garbage-first heap   total 159744K, used 121817K [0x0000000080000000, 0x0000000100000000)
  region size 1024K, 58 young (59392K), 7 survivors (7168K)
 Metaspace       used 74256K, committed 74880K, reserved 1114112K
  class space    used 10011K, committed 10304K, reserved 1048576K
}
Event: 11.137 GC heap after
{Heap after GC invocations=27 (full 0):
 garbage-first heap   total 159744K, used 73785K [0x0000000080000000, 0x0000000100000000)
  region size 1024K, 4 young (4096K), 4 survivors (4096K)
 Metaspace       used 74256K, committed 74880K, reserved 1114112K
  class space    used 10011K, committed 10304K, reserved 1048576K
}
Event: 11.183 GC heap before
{Heap before GC invocations=27 (full 0):
 garbage-first heap   total 159744K, used 76857K [0x0000000080000000, 0x0000000100000000)
  region size 1024K, 8 young (8192K), 4 survivors (4096K)
 Metaspace       used 74649K, committed 75200K, reserved 1114112K
  class space    used 10062K, committed 10304K, reserved 1048576K
}
Event: 11.187 GC heap after
{Heap after GC invocations=28 (full 0):
 garbage-first heap   total 159744K, used 73822K [0x0000000080000000, 0x0000000100000000)
  region size 1024K, 4 young (4096K), 4 survivors (4096K)
 Metaspace       used 74649K, committed 75200K, reserved 1114112K
  class space    used 10062K, committed 10304K, reserved 1048576K
}
Event: 11.837 GC heap before
{Heap before GC invocations=28 (full 0):
 garbage-first heap   total 159744K, used 131166K [0x0000000080000000, 0x0000000100000000)
  region size 1024K, 56 young (57344K), 4 survivors (4096K)
 Metaspace       used 79756K, committed 80384K, reserved 1179648K
  class space    used 10776K, committed 11072K, reserved 1048576K
}
Event: 11.841 GC heap after
{Heap after GC invocations=29 (full 0):
 garbage-first heap   total 159744K, used 80621K [0x0000000080000000, 0x0000000100000000)
  region size 1024K, 7 young (7168K), 7 survivors (7168K)
 Metaspace       used 79756K, committed 80384K, reserved 1179648K
  class space    used 10776K, committed 11072K, reserved 1048576K
}
Event: 12.411 GC heap before
{Heap before GC invocations=29 (full 0):
 garbage-first heap   total 159744K, used 128749K [0x0000000080000000, 0x0000000100000000)
  region size 1024K, 54 young (55296K), 7 survivors (7168K)
 Metaspace       used 81873K, committed 82496K, reserved 1179648K
  class space    used 11068K, committed 11328K, reserved 1048576K
}
Event: 12.417 GC heap after
{Heap after GC invocations=30 (full 0):
 garbage-first heap   total 159744K, used 84611K [0x0000000080000000, 0x0000000100000000)
  region size 1024K, 7 young (7168K), 7 survivors (7168K)
 Metaspace       used 81873K, committed 82496K, reserved 1179648K
  class space    used 11068K, committed 11328K, reserved 1048576K
}
Event: 12.944 GC heap before
{Heap before GC invocations=31 (full 0):
 garbage-first heap   total 159744K, used 129667K [0x0000000080000000, 0x0000000100000000)
  region size 1024K, 51 young (52224K), 7 survivors (7168K)
 Metaspace       used 85047K, committed 85632K, reserved 1179648K
  class space    used 11503K, committed 11776K, reserved 1048576K
}
Event: 12.950 GC heap after
{Heap after GC invocations=32 (full 0):
 garbage-first heap   total 159744K, used 86959K [0x0000000080000000, 0x0000000100000000)
  region size 1024K, 3 young (3072K), 3 survivors (3072K)
 Metaspace       used 85047K, committed 85632K, reserved 1179648K
  class space    used 11503K, committed 11776K, reserved 1048576K
}
Event: 12.982 GC heap before
{Heap before GC invocations=32 (full 0):
 garbage-first heap   total 159744K, used 91055K [0x0000000080000000, 0x0000000100000000)
  region size 1024K, 7 young (7168K), 3 survivors (3072K)
 Metaspace       used 85262K, committed 85824K, reserved 1179648K
  class space    used 11535K, committed 11776K, reserved 1048576K
}
Event: 12.985 GC heap after
{Heap after GC invocations=33 (full 0):
 garbage-first heap   total 159744K, used 86201K [0x0000000080000000, 0x0000000100000000)
  region size 1024K, 1 young (1024K), 1 survivors (1024K)
 Metaspace       used 85262K, committed 85824K, reserved 1179648K
  class space    used 11535K, committed 11776K, reserved 1048576K
}
Event: 13.588 GC heap before
{Heap before GC invocations=33 (full 0):
 garbage-first heap   total 159744K, used 131257K [0x0000000080000000, 0x0000000100000000)
  region size 1024K, 45 young (46080K), 1 survivors (1024K)
 Metaspace       used 88553K, committed 89152K, reserved 1179648K
  class space    used 12210K, committed 12480K, reserved 1048576K
}

