# JRE version: OpenJDK Runtime Environment (17.0.10) (build 17.0.10+0--11609105)
# Java VM: OpenJDK 64-Bit Server VM (17.0.10+0--11609105, mixed mode, tiered, compressed oops, compressed class ptrs, g1 gc, windows-amd64)
GC Precious Log:
 CPUs: 8 total, 8 available
 Memory: 7932M
 Large Page Support: Disabled
 NUMA Support: Disabled
 Compressed Oops: Enabled (32-bit)
 Heap Region Size: 1M
 Heap Min Capacity: 8M
 Heap Initial Capacity: 124M
 Heap Max Capacity: 2G
 Pre-touch: Disabled
 Parallel Workers: 8
 Concurrent Workers: 2
 Concurrent Refinement Workers: 8
 Periodic GC: Disabled
Heap:
 garbage-first heap   total 409600K, used 283777K [0x0000000080000000, 0x0000000100000000)
  region size 1024K, 175 young (179200K), 5 survivors (5120K)
 Metaspace       used 112232K, committed 113152K, reserved 1179648K
  class space    used 15079K, committed 15552K, reserved 1048576K
GC Heap History (20 events):
Event: 23.907 GC heap before
{Heap before GC invocations=27 (full 0):
 garbage-first heap   total 204800K, used 151218K [0x0000000080000000, 0x0000000100000000)
  region size 1024K, 75 young (76800K), 5 survivors (5120K)
 Metaspace       used 82389K, committed 83072K, reserved 1179648K
  class space    used 11111K, committed 11456K, reserved 1048576K
}
Event: 23.913 GC heap after
{Heap after GC invocations=28 (full 0):
 garbage-first heap   total 204800K, used 84099K [0x0000000080000000, 0x0000000100000000)
  region size 1024K, 9 young (9216K), 9 survivors (9216K)
 Metaspace       used 82389K, committed 83072K, reserved 1179648K
  class space    used 11111K, committed 11456K, reserved 1048576K
}
Event: 24.993 GC heap before
{Heap before GC invocations=28 (full 0):
 garbage-first heap   total 204800K, used 155779K [0x0000000080000000, 0x0000000100000000)
  region size 1024K, 79 young (80896K), 9 survivors (9216K)
 Metaspace       used 87449K, committed 88064K, reserved 1179648K
  class space    used 11966K, committed 12288K, reserved 1048576K
}
Event: 25.002 GC heap after
{Heap after GC invocations=29 (full 0):
 garbage-first heap   total 204800K, used 86755K [0x0000000080000000, 0x0000000100000000)
  region size 1024K, 8 young (8192K), 8 survivors (8192K)
 Metaspace       used 87449K, committed 88064K, reserved 1179648K
  class space    used 11966K, committed 12288K, reserved 1048576K
}
Event: 26.098 GC heap before
{Heap before GC invocations=29 (full 0):
 garbage-first heap   total 204800K, used 160483K [0x0000000080000000, 0x0000000100000000)
  region size 1024K, 80 young (81920K), 8 survivors (8192K)
 Metaspace       used 92710K, committed 93376K, reserved 1179648K
  class space    used 12775K, committed 13120K, reserved 1048576K
}
Event: 26.109 GC heap after
{Heap after GC invocations=30 (full 0):
 garbage-first heap   total 204800K, used 90693K [0x0000000080000000, 0x0000000100000000)
  region size 1024K, 7 young (7168K), 7 survivors (7168K)
 Metaspace       used 92710K, committed 93376K, reserved 1179648K
  class space    used 12775K, committed 13120K, reserved 1048576K
}
Event: 26.695 GC heap before
{Heap before GC invocations=30 (full 0):
 garbage-first heap   total 204800K, used 131653K [0x0000000080000000, 0x0000000100000000)
  region size 1024K, 48 young (49152K), 7 survivors (7168K)
 Metaspace       used 95814K, committed 96448K, reserved 1179648K
  class space    used 13252K, committed 13568K, reserved 1048576K
}
Event: 26.703 GC heap after
{Heap after GC invocations=31 (full 0):
 garbage-first heap   total 204800K, used 92441K [0x0000000080000000, 0x0000000100000000)
  region size 1024K, 6 young (6144K), 6 survivors (6144K)
 Metaspace       used 95814K, committed 96448K, reserved 1179648K
  class space    used 13252K, committed 13568K, reserved 1048576K
}
Event: 27.956 GC heap before
{Heap before GC invocations=32 (full 0):
 garbage-first heap   total 204800K, used 164121K [0x0000000080000000, 0x0000000100000000)
  region size 1024K, 77 young (78848K), 6 survivors (6144K)
 Metaspace       used 101190K, committed 101888K, reserved 1179648K
  class space    used 13968K, committed 14336K, reserved 1048576K
}
Event: 27.968 GC heap after
{Heap after GC invocations=33 (full 0):
 garbage-first heap   total 204800K, used 98227K [0x0000000080000000, 0x0000000100000000)
  region size 1024K, 8 young (8192K), 8 survivors (8192K)
 Metaspace       used 101190K, committed 101888K, reserved 1179648K
  class space    used 13968K, committed 14336K, reserved 1048576K
}
Event: 27.991 GC heap before
{Heap before GC invocations=33 (full 0):
 garbage-first heap   total 204800K, used 100275K [0x0000000080000000, 0x0000000100000000)
  region size 1024K, 10 young (10240K), 8 survivors (8192K)
 Metaspace       used 101273K, committed 102016K, reserved 1179648K
  class space    used 13976K, committed 14336K, reserved 1048576K
}
Event: 28.000 GC heap after
{Heap after GC invocations=34 (full 0):
 garbage-first heap   total 204800K, used 99252K [0x0000000080000000, 0x0000000100000000)
  region size 1024K, 2 young (2048K), 2 survivors (2048K)
 Metaspace       used 101273K, committed 102016K, reserved 1179648K
  class space    used 13976K, committed 14336K, reserved 1048576K
}
Event: 29.592 GC heap before
{Heap before GC invocations=34 (full 0):
 garbage-first heap   total 204800K, used 169908K [0x0000000080000000, 0x0000000100000000)
  region size 1024K, 67 young (68608K), 2 survivors (2048K)
 Metaspace       used 104686K, committed 105408K, reserved 1179648K
  class space    used 14388K, committed 14720K, reserved 1048576K
}
Event: 29.607 GC heap after
{Heap after GC invocations=35 (full 0):
 garbage-first heap   total 204800K, used 105515K [0x0000000080000000, 0x0000000100000000)
  region size 1024K, 8 young (8192K), 8 survivors (8192K)
 Metaspace       used 104686K, committed 105408K, reserved 1179648K
  class space    used 14388K, committed 14720K, reserved 1048576K
}
Event: 30.910 GC heap before
{Heap before GC invocations=36 (full 0):
 garbage-first heap   total 204800K, used 165931K [0x0000000080000000, 0x0000000100000000)
  region size 1024K, 68 young (69632K), 8 survivors (8192K)
 Metaspace       used 105423K, committed 106176K, reserved 1179648K
  class space    used 14470K, committed 14848K, reserved 1048576K
}
Event: 30.928 GC heap after
{Heap after GC invocations=37 (full 0):
 garbage-first heap   total 204800K, used 109444K [0x0000000080000000, 0x0000000100000000)
  region size 1024K, 6 young (6144K), 6 survivors (6144K)
 Metaspace       used 105423K, committed 106176K, reserved 1179648K
  class space    used 14470K, committed 14848K, reserved 1048576K
}
Event: 30.971 GC heap before
{Heap before GC invocations=37 (full 0):
 garbage-first heap   total 204800K, used 112516K [0x0000000080000000, 0x0000000100000000)
  region size 1024K, 10 young (10240K), 6 survivors (6144K)
 Metaspace       used 105444K, committed 106240K, reserved 1179648K
  class space    used 14472K, committed 14848K, reserved 1048576K
}
Event: 30.981 GC heap after
{Heap after GC invocations=38 (full 0):
 garbage-first heap   total 204800K, used 108468K [0x0000000080000000, 0x0000000100000000)
  region size 1024K, 1 young (1024K), 1 survivors (1024K)
 Metaspace       used 105444K, committed 106240K, reserved 1179648K
  class space    used 14472K, committed 14848K, reserved 1048576K
}
Event: 32.015 GC heap before
{Heap before GC invocations=38 (full 0):
 garbage-first heap   total 204800K, used 166836K [0x0000000080000000, 0x0000000100000000)
  region size 1024K, 59 young (60416K), 1 survivors (1024K)
 Metaspace       used 105964K, committed 106688K, reserved 1179648K
  class space    used 14526K, committed 14848K, reserved 1048576K
}
Event: 32.038 GC heap after
{Heap after GC invocations=39 (full 0):
 garbage-first heap   total 409600K, used 111745K [0x0000000080000000, 0x0000000100000000)
  region size 1024K, 5 young (5120K), 5 survivors (5120K)
 Metaspace       used 105964K, committed 106688K, reserved 1179648K
  class space    used 14526K, committed 14848K, reserved 1048576K
}

