# JRE version: OpenJDK Runtime Environment (17.0.10) (build 17.0.10+0--11609105)
# Java VM: OpenJDK 64-Bit Server VM (17.0.10+0--11609105, mixed mode, tiered, compressed oops, compressed class ptrs, g1 gc, windows-amd64)
GC Precious Log:
 CPUs: 8 total, 8 available
 Memory: 7932M
 Large Page Support: Disabled
 NUMA Support: Disabled
 Compressed Oops: Enabled (32-bit)
 Heap Region Size: 1M
 Heap Min Capacity: 8M
 Heap Initial Capacity: 124M
 Heap Max Capacity: 2G
 Pre-touch: Disabled
 Parallel Workers: 8
 Concurrent Workers: 2
 Concurrent Refinement Workers: 8
 Periodic GC: Disabled
Heap:
 garbage-first heap   total 126976K, used 79222K [0x0000000080000000, 0x0000000100000000)
  region size 1024K, 14 young (14336K), 4 survivors (4096K)
 Metaspace       used 68714K, committed 69376K, reserved 1114112K
  class space    used 9287K, committed 9600K, reserved 1048576K
GC Heap History (20 events):
Event: 8.032 GC heap before
{Heap before GC invocations=16 (full 0):
 garbage-first heap   total 91136K, used 62861K [0x0000000080000000, 0x0000000100000000)
  region size 1024K, 24 young (24576K), 6 survivors (6144K)
 Metaspace       used 57230K, committed 57792K, reserved 1114112K
  class space    used 7870K, committed 8128K, reserved 1048576K
}
Event: 8.038 GC heap after
{Heap after GC invocations=17 (full 0):
 garbage-first heap   total 91136K, used 50981K [0x0000000080000000, 0x0000000100000000)
  region size 1024K, 5 young (5120K), 5 survivors (5120K)
 Metaspace       used 57230K, committed 57792K, reserved 1114112K
  class space    used 7870K, committed 8128K, reserved 1048576K
}
Event: 8.154 GC heap before
{Heap before GC invocations=18 (full 0):
 garbage-first heap   total 96256K, used 61221K [0x0000000080000000, 0x0000000100000000)
  region size 1024K, 10 young (10240K), 5 survivors (5120K)
 Metaspace       used 57246K, committed 57792K, reserved 1114112K
  class space    used 7874K, committed 8128K, reserved 1048576K
}
Event: 8.157 GC heap after
{Heap after GC invocations=19 (full 0):
 garbage-first heap   total 96256K, used 59035K [0x0000000080000000, 0x0000000100000000)
  region size 1024K, 3 young (3072K), 3 survivors (3072K)
 Metaspace       used 57246K, committed 57792K, reserved 1114112K
  class space    used 7874K, committed 8128K, reserved 1048576K
}
Event: 8.301 GC heap before
{Heap before GC invocations=20 (full 0):
 garbage-first heap   total 104448K, used 71323K [0x0000000080000000, 0x0000000100000000)
  region size 1024K, 15 young (15360K), 3 survivors (3072K)
 Metaspace       used 58145K, committed 58688K, reserved 1114112K
  class space    used 8007K, committed 8256K, reserved 1048576K
}
Event: 8.303 GC heap after
{Heap after GC invocations=21 (full 0):
 garbage-first heap   total 104448K, used 60759K [0x0000000080000000, 0x0000000100000000)
  region size 1024K, 1 young (1024K), 1 survivors (1024K)
 Metaspace       used 58145K, committed 58688K, reserved 1114112K
  class space    used 8007K, committed 8256K, reserved 1048576K
}
Event: 8.348 GC heap before
{Heap before GC invocations=21 (full 0):
 garbage-first heap   total 104448K, used 63831K [0x0000000080000000, 0x0000000100000000)
  region size 1024K, 5 young (5120K), 1 survivors (1024K)
 Metaspace       used 58370K, committed 59008K, reserved 1114112K
  class space    used 8027K, committed 8320K, reserved 1048576K
}
Event: 8.350 GC heap after
{Heap after GC invocations=22 (full 0):
 garbage-first heap   total 104448K, used 61089K [0x0000000080000000, 0x0000000100000000)
  region size 1024K, 2 young (2048K), 2 survivors (2048K)
 Metaspace       used 58370K, committed 59008K, reserved 1114112K
  class space    used 8027K, committed 8320K, reserved 1048576K
}
Event: 8.572 GC heap before
{Heap before GC invocations=23 (full 0):
 garbage-first heap   total 111616K, used 79521K [0x0000000080000000, 0x0000000100000000)
  region size 1024K, 19 young (19456K), 2 survivors (2048K)
 Metaspace       used 59717K, committed 60352K, reserved 1114112K
  class space    used 8217K, committed 8512K, reserved 1048576K
}
Event: 8.574 GC heap after
{Heap after GC invocations=24 (full 0):
 garbage-first heap   total 111616K, used 62553K [0x0000000080000000, 0x0000000100000000)
  region size 1024K, 2 young (2048K), 2 survivors (2048K)
 Metaspace       used 59717K, committed 60352K, reserved 1114112K
  class space    used 8217K, committed 8512K, reserved 1048576K
}
Event: 8.608 GC heap before
{Heap before GC invocations=24 (full 0):
 garbage-first heap   total 111616K, used 65625K [0x0000000080000000, 0x0000000100000000)
  region size 1024K, 5 young (5120K), 2 survivors (2048K)
 Metaspace       used 59984K, committed 60544K, reserved 1114112K
  class space    used 8255K, committed 8512K, reserved 1048576K
}
Event: 8.610 GC heap after
{Heap after GC invocations=25 (full 0):
 garbage-first heap   total 111616K, used 62317K [0x0000000080000000, 0x0000000100000000)
  region size 1024K, 1 young (1024K), 1 survivors (1024K)
 Metaspace       used 59984K, committed 60544K, reserved 1114112K
  class space    used 8255K, committed 8512K, reserved 1048576K
}
Event: 8.844 GC heap before
{Heap before GC invocations=25 (full 0):
 garbage-first heap   total 111616K, used 83821K [0x0000000080000000, 0x0000000100000000)
  region size 1024K, 23 young (23552K), 1 survivors (1024K)
 Metaspace       used 62199K, committed 62784K, reserved 1114112K
  class space    used 8483K, committed 8768K, reserved 1048576K
}
Event: 8.846 GC heap after
{Heap after GC invocations=26 (full 0):
 garbage-first heap   total 111616K, used 62772K [0x0000000080000000, 0x0000000100000000)
  region size 1024K, 1 young (1024K), 1 survivors (1024K)
 Metaspace       used 62199K, committed 62784K, reserved 1114112K
  class space    used 8483K, committed 8768K, reserved 1048576K
}
Event: 9.207 GC heap before
{Heap before GC invocations=27 (full 0):
 garbage-first heap   total 112640K, used 86324K [0x0000000080000000, 0x0000000100000000)
  region size 1024K, 25 young (25600K), 1 survivors (1024K)
 Metaspace       used 64859K, committed 65408K, reserved 1114112K
  class space    used 8755K, committed 9024K, reserved 1048576K
}
Event: 9.209 GC heap after
{Heap after GC invocations=28 (full 0):
 garbage-first heap   total 112640K, used 63527K [0x0000000080000000, 0x0000000100000000)
  region size 1024K, 2 young (2048K), 2 survivors (2048K)
 Metaspace       used 64859K, committed 65408K, reserved 1114112K
  class space    used 8755K, committed 9024K, reserved 1048576K
}
Event: 9.542 GC heap before
{Heap before GC invocations=28 (full 0):
 garbage-first heap   total 112640K, used 88103K [0x0000000080000000, 0x0000000100000000)
  region size 1024K, 27 young (27648K), 2 survivors (2048K)
 Metaspace       used 67425K, committed 68032K, reserved 1114112K
  class space    used 9154K, committed 9472K, reserved 1048576K
}
Event: 9.545 GC heap after
{Heap after GC invocations=29 (full 0):
 garbage-first heap   total 112640K, used 64646K [0x0000000080000000, 0x0000000100000000)
  region size 1024K, 3 young (3072K), 3 survivors (3072K)
 Metaspace       used 67425K, committed 68032K, reserved 1114112K
  class space    used 9154K, committed 9472K, reserved 1048576K
}
Event: 9.675 GC heap before
{Heap before GC invocations=30 (full 0):
 garbage-first heap   total 114688K, used 67718K [0x0000000080000000, 0x0000000100000000)
  region size 1024K, 8 young (8192K), 3 survivors (3072K)
 Metaspace       used 68710K, committed 69312K, reserved 1114112K
  class space    used 9287K, committed 9600K, reserved 1048576K
}
Event: 9.678 GC heap after
{Heap after GC invocations=31 (full 0):
 garbage-first heap   total 114688K, used 65910K [0x0000000080000000, 0x0000000100000000)
  region size 1024K, 4 young (4096K), 4 survivors (4096K)
 Metaspace       used 68710K, committed 69312K, reserved 1114112K
  class space    used 9287K, committed 9600K, reserved 1048576K
}

