# JRE version: OpenJDK Runtime Environment (17.0.10) (build 17.0.10+0--11609105)
# Java VM: OpenJDK 64-Bit Server VM (17.0.10+0--11609105, mixed mode, tiered, compressed oops, compressed class ptrs, g1 gc, windows-amd64)
GC Precious Log:
 CPUs: 8 total, 8 available
 Memory: 7932M
 Large Page Support: Disabled
 NUMA Support: Disabled
 Compressed Oops: Enabled (32-bit)
 Heap Region Size: 1M
 Heap Min Capacity: 8M
 Heap Initial Capacity: 124M
 Heap Max Capacity: 2G
 Pre-touch: Disabled
 Parallel Workers: 8
 Concurrent Workers: 2
 Concurrent Refinement Workers: 8
 Periodic GC: Disabled
Heap:
 garbage-first heap   total 89088K, used 64034K [0x0000000080000000, 0x0000000100000000)
  region size 1024K, 4 young (4096K), 1 survivors (1024K)
 Metaspace       used 58686K, committed 59200K, reserved 1114112K
  class space    used 8052K, committed 8320K, reserved 1048576K
GC Heap History (20 events):
Event: 6.566 GC heap before
{Heap before GC invocations=12 (full 0):
 garbage-first heap   total 71680K, used 55395K [0x0000000080000000, 0x0000000100000000)
  region size 1024K, 27 young (27648K), 4 survivors (4096K)
 Metaspace       used 48350K, committed 48832K, reserved 1114112K
  class space    used 6607K, committed 6848K, reserved 1048576K
}
Event: 6.570 GC heap after
{Heap after GC invocations=13 (full 0):
 garbage-first heap   total 71680K, used 32859K [0x0000000080000000, 0x0000000100000000)
  region size 1024K, 3 young (3072K), 3 survivors (3072K)
 Metaspace       used 48350K, committed 48832K, reserved 1114112K
  class space    used 6607K, committed 6848K, reserved 1048576K
}
Event: 7.046 GC heap before
{Heap before GC invocations=13 (full 0):
 garbage-first heap   total 71680K, used 57435K [0x0000000080000000, 0x0000000100000000)
  region size 1024K, 27 young (27648K), 3 survivors (3072K)
 Metaspace       used 51629K, committed 52096K, reserved 1114112K
  class space    used 7151K, committed 7360K, reserved 1048576K
}
Event: 7.051 GC heap after
{Heap after GC invocations=14 (full 0):
 garbage-first heap   total 86016K, used 34540K [0x0000000080000000, 0x0000000100000000)
  region size 1024K, 3 young (3072K), 3 survivors (3072K)
 Metaspace       used 51629K, committed 52096K, reserved 1114112K
  class space    used 7151K, committed 7360K, reserved 1048576K
}
Event: 8.416 GC heap before
{Heap before GC invocations=14 (full 0):
 garbage-first heap   total 86016K, used 69356K [0x0000000080000000, 0x0000000100000000)
  region size 1024K, 35 young (35840K), 3 survivors (3072K)
 Metaspace       used 55578K, committed 56128K, reserved 1114112K
  class space    used 7629K, committed 7872K, reserved 1048576K
}
Event: 8.422 GC heap after
{Heap after GC invocations=15 (full 0):
 garbage-first heap   total 86016K, used 36969K [0x0000000080000000, 0x0000000100000000)
  region size 1024K, 5 young (5120K), 5 survivors (5120K)
 Metaspace       used 55578K, committed 56128K, reserved 1114112K
  class space    used 7629K, committed 7872K, reserved 1048576K
}
Event: 9.194 GC heap before
{Heap before GC invocations=15 (full 0):
 garbage-first heap   total 86016K, used 66665K [0x0000000080000000, 0x0000000100000000)
  region size 1024K, 35 young (35840K), 5 survivors (5120K)
 Metaspace       used 56620K, committed 57088K, reserved 1114112K
  class space    used 7761K, committed 8000K, reserved 1048576K
}
Event: 9.205 GC heap after
{Heap after GC invocations=16 (full 0):
 garbage-first heap   total 86016K, used 40558K [0x0000000080000000, 0x0000000100000000)
  region size 1024K, 4 young (4096K), 4 survivors (4096K)
 Metaspace       used 56620K, committed 57088K, reserved 1114112K
  class space    used 7761K, committed 8000K, reserved 1048576K
}
Event: 9.414 GC heap before
{Heap before GC invocations=16 (full 0):
 garbage-first heap   total 86016K, used 53870K [0x0000000080000000, 0x0000000100000000)
  region size 1024K, 19 young (19456K), 4 survivors (4096K)
 Metaspace       used 56996K, committed 57536K, reserved 1114112K
  class space    used 7800K, committed 8064K, reserved 1048576K
}
Event: 9.419 GC heap after
{Heap after GC invocations=17 (full 0):
 garbage-first heap   total 86016K, used 41503K [0x0000000080000000, 0x0000000100000000)
  region size 1024K, 2 young (2048K), 2 survivors (2048K)
 Metaspace       used 56996K, committed 57536K, reserved 1114112K
  class space    used 7800K, committed 8064K, reserved 1048576K
}
Event: 9.482 GC heap before
{Heap before GC invocations=18 (full 0):
 garbage-first heap   total 86016K, used 44575K [0x0000000080000000, 0x0000000100000000)
  region size 1024K, 4 young (4096K), 2 survivors (2048K)
 Metaspace       used 57012K, committed 57600K, reserved 1114112K
  class space    used 7804K, committed 8064K, reserved 1048576K
}
Event: 9.484 GC heap after
{Heap after GC invocations=19 (full 0):
 garbage-first heap   total 86016K, used 44713K [0x0000000080000000, 0x0000000100000000)
  region size 1024K, 3 young (3072K), 3 survivors (3072K)
 Metaspace       used 57012K, committed 57600K, reserved 1114112K
  class space    used 7804K, committed 8064K, reserved 1048576K
}
Event: 9.559 GC heap before
{Heap before GC invocations=20 (full 0):
 garbage-first heap   total 87040K, used 51881K [0x0000000080000000, 0x0000000100000000)
  region size 1024K, 7 young (7168K), 3 survivors (3072K)
 Metaspace       used 57296K, committed 57856K, reserved 1114112K
  class space    used 7867K, committed 8128K, reserved 1048576K
}
Event: 9.561 GC heap after
{Heap after GC invocations=21 (full 0):
 garbage-first heap   total 87040K, used 49336K [0x0000000080000000, 0x0000000100000000)
  region size 1024K, 2 young (2048K), 2 survivors (2048K)
 Metaspace       used 57296K, committed 57856K, reserved 1114112K
  class space    used 7867K, committed 8128K, reserved 1048576K
}
Event: 9.888 GC heap before
{Heap before GC invocations=22 (full 0):
 garbage-first heap   total 89088K, used 70840K [0x0000000080000000, 0x0000000100000000)
  region size 1024K, 16 young (16384K), 2 survivors (2048K)
 Metaspace       used 57873K, committed 58432K, reserved 1114112K
  class space    used 7966K, committed 8256K, reserved 1048576K
}
Event: 9.890 GC heap after
{Heap after GC invocations=23 (full 0):
 garbage-first heap   total 89088K, used 61137K [0x0000000080000000, 0x0000000100000000)
  region size 1024K, 2 young (2048K), 2 survivors (2048K)
 Metaspace       used 57873K, committed 58432K, reserved 1114112K
  class space    used 7966K, committed 8256K, reserved 1048576K
}
Event: 9.915 GC heap before
{Heap before GC invocations=23 (full 0):
 garbage-first heap   total 89088K, used 62161K [0x0000000080000000, 0x0000000100000000)
  region size 1024K, 4 young (4096K), 2 survivors (2048K)
 Metaspace       used 57993K, committed 58560K, reserved 1114112K
  class space    used 7977K, committed 8256K, reserved 1048576K
}
Event: 9.916 GC heap after
{Heap after GC invocations=24 (full 0):
 garbage-first heap   total 89088K, used 60498K [0x0000000080000000, 0x0000000100000000)
  region size 1024K, 1 young (1024K), 1 survivors (1024K)
 Metaspace       used 57993K, committed 58560K, reserved 1114112K
  class space    used 7977K, committed 8256K, reserved 1048576K
}
Event: 9.993 GC heap before
{Heap before GC invocations=24 (full 0):
 garbage-first heap   total 89088K, used 66642K [0x0000000080000000, 0x0000000100000000)
  region size 1024K, 9 young (9216K), 1 survivors (1024K)
 Metaspace       used 58499K, committed 59072K, reserved 1114112K
  class space    used 8025K, committed 8320K, reserved 1048576K
}
Event: 9.994 GC heap after
{Heap after GC invocations=25 (full 0):
 garbage-first heap   total 89088K, used 60962K [0x0000000080000000, 0x0000000100000000)
  region size 1024K, 1 young (1024K), 1 survivors (1024K)
 Metaspace       used 58499K, committed 59072K, reserved 1114112K
  class space    used 8025K, committed 8320K, reserved 1048576K
}

