# JRE version: OpenJDK Runtime Environment (17.0.10) (build 17.0.10+0--11609105)
# Java VM: OpenJDK 64-Bit Server VM (17.0.10+0--11609105, mixed mode, tiered, compressed oops, compressed class ptrs, g1 gc, windows-amd64)
GC Precious Log:
 CPUs: 8 total, 8 available
 Memory: 7932M
 Large Page Support: Disabled
 NUMA Support: Disabled
 Compressed Oops: Enabled (32-bit)
 Heap Region Size: 1M
 Heap Min Capacity: 8M
 Heap Initial Capacity: 124M
 Heap Max Capacity: 2G
 Pre-touch: Disabled
 Parallel Workers: 8
 Concurrent Workers: 2
 Concurrent Refinement Workers: 8
 Periodic GC: Disabled
Heap:
 garbage-first heap   total 259072K, used 163342K [0x0000000080000000, 0x0000000100000000)
  region size 1024K, 64 young (65536K), 8 survivors (8192K)
 Metaspace       used 106205K, committed 107008K, reserved 1179648K
  class space    used 14572K, committed 14976K, reserved 1048576K
GC Heap History (20 events):
Event: 6.429 GC heap before
{Heap before GC invocations=28 (full 0):
 garbage-first heap   total 135168K, used 76310K [0x0000000080000000, 0x0000000100000000)
  region size 1024K, 14 young (14336K), 1 survivors (1024K)
 Metaspace       used 68772K, committed 69376K, reserved 1114112K
  class space    used 9285K, committed 9600K, reserved 1048576K
}
Event: 6.430 GC heap after
{Heap after GC invocations=29 (full 0):
 garbage-first heap   total 135168K, used 65662K [0x0000000080000000, 0x0000000100000000)
  region size 1024K, 2 young (2048K), 2 survivors (2048K)
 Metaspace       used 68772K, committed 69376K, reserved 1114112K
  class space    used 9285K, committed 9600K, reserved 1048576K
}
Event: 6.768 GC heap before
{Heap before GC invocations=30 (full 0):
 garbage-first heap   total 135168K, used 109694K [0x0000000080000000, 0x0000000100000000)
  region size 1024K, 40 young (40960K), 2 survivors (2048K)
 Metaspace       used 70807K, committed 71360K, reserved 1114112K
  class space    used 9573K, committed 9856K, reserved 1048576K
}
Event: 6.771 GC heap after
{Heap after GC invocations=31 (full 0):
 garbage-first heap   total 135168K, used 69977K [0x0000000080000000, 0x0000000100000000)
  region size 1024K, 5 young (5120K), 5 survivors (5120K)
 Metaspace       used 70807K, committed 71360K, reserved 1114112K
  class space    used 9573K, committed 9856K, reserved 1048576K
}
Event: 6.780 GC heap before
{Heap before GC invocations=31 (full 0):
 garbage-first heap   total 135168K, used 71001K [0x0000000080000000, 0x0000000100000000)
  region size 1024K, 6 young (6144K), 5 survivors (5120K)
 Metaspace       used 70869K, committed 71424K, reserved 1114112K
  class space    used 9581K, committed 9856K, reserved 1048576K
}
Event: 6.784 GC heap after
{Heap after GC invocations=32 (full 0):
 garbage-first heap   total 135168K, used 70391K [0x0000000080000000, 0x0000000100000000)
  region size 1024K, 1 young (1024K), 1 survivors (1024K)
 Metaspace       used 70869K, committed 71424K, reserved 1114112K
  class space    used 9581K, committed 9856K, reserved 1048576K
}
Event: 7.201 GC heap before
{Heap before GC invocations=32 (full 0):
 garbage-first heap   total 135168K, used 106231K [0x0000000080000000, 0x0000000100000000)
  region size 1024K, 36 young (36864K), 1 survivors (1024K)
 Metaspace       used 74105K, committed 74752K, reserved 1114112K
  class space    used 10000K, committed 10304K, reserved 1048576K
}
Event: 7.204 GC heap after
{Heap after GC invocations=33 (full 0):
 garbage-first heap   total 135168K, used 71998K [0x0000000080000000, 0x0000000100000000)
  region size 1024K, 3 young (3072K), 3 survivors (3072K)
 Metaspace       used 74105K, committed 74752K, reserved 1114112K
  class space    used 10000K, committed 10304K, reserved 1048576K
}
Event: 7.567 GC heap before
{Heap before GC invocations=34 (full 0):
 garbage-first heap   total 135168K, used 111934K [0x0000000080000000, 0x0000000100000000)
  region size 1024K, 38 young (38912K), 3 survivors (3072K)
 Metaspace       used 77273K, committed 77888K, reserved 1179648K
  class space    used 10464K, committed 10752K, reserved 1048576K
}
Event: 7.571 GC heap after
{Heap after GC invocations=35 (full 0):
 garbage-first heap   total 135168K, used 77820K [0x0000000080000000, 0x0000000100000000)
  region size 1024K, 4 young (4096K), 4 survivors (4096K)
 Metaspace       used 77273K, committed 77888K, reserved 1179648K
  class space    used 10464K, committed 10752K, reserved 1048576K
}
Event: 7.886 GC heap before
{Heap before GC invocations=35 (full 0):
 garbage-first heap   total 135168K, used 110588K [0x0000000080000000, 0x0000000100000000)
  region size 1024K, 36 young (36864K), 4 survivors (4096K)
 Metaspace       used 80274K, committed 80832K, reserved 1179648K
  class space    used 10866K, committed 11136K, reserved 1048576K
}
Event: 7.890 GC heap after
{Heap after GC invocations=36 (full 0):
 garbage-first heap   total 259072K, used 79657K [0x0000000080000000, 0x0000000100000000)
  region size 1024K, 4 young (4096K), 4 survivors (4096K)
 Metaspace       used 80274K, committed 80832K, reserved 1179648K
  class space    used 10866K, committed 11136K, reserved 1048576K
}
Event: 9.375 GC heap before
{Heap before GC invocations=36 (full 0):
 garbage-first heap   total 259072K, used 192297K [0x0000000080000000, 0x0000000100000000)
  region size 1024K, 113 young (115712K), 4 survivors (4096K)
 Metaspace       used 86938K, committed 87552K, reserved 1179648K
  class space    used 11883K, committed 12160K, reserved 1048576K
}
Event: 9.388 GC heap after
{Heap after GC invocations=37 (full 0):
 garbage-first heap   total 259072K, used 85263K [0x0000000080000000, 0x0000000100000000)
  region size 1024K, 9 young (9216K), 9 survivors (9216K)
 Metaspace       used 86938K, committed 87552K, reserved 1179648K
  class space    used 11883K, committed 12160K, reserved 1048576K
}
Event: 12.110 GC heap before
{Heap before GC invocations=37 (full 0):
 garbage-first heap   total 259072K, used 199951K [0x0000000080000000, 0x0000000100000000)
  region size 1024K, 121 young (123904K), 9 survivors (9216K)
 Metaspace       used 95048K, committed 95744K, reserved 1179648K
  class space    used 13168K, committed 13504K, reserved 1048576K
}
Event: 12.130 GC heap after
{Heap after GC invocations=38 (full 0):
 garbage-first heap   total 259072K, used 90769K [0x0000000080000000, 0x0000000100000000)
  region size 1024K, 13 young (13312K), 13 survivors (13312K)
 Metaspace       used 95048K, committed 95744K, reserved 1179648K
  class space    used 13168K, committed 13504K, reserved 1048576K
}
Event: 14.609 GC heap before
{Heap before GC invocations=38 (full 0):
 garbage-first heap   total 259072K, used 210577K [0x0000000080000000, 0x0000000100000000)
  region size 1024K, 126 young (129024K), 13 survivors (13312K)
 Metaspace       used 104355K, committed 105152K, reserved 1179648K
  class space    used 14351K, committed 14720K, reserved 1048576K
}
Event: 14.629 GC heap after
{Heap after GC invocations=39 (full 0):
 garbage-first heap   total 259072K, used 100391K [0x0000000080000000, 0x0000000100000000)
  region size 1024K, 16 young (16384K), 16 survivors (16384K)
 Metaspace       used 104355K, committed 105152K, reserved 1179648K
  class space    used 14351K, committed 14720K, reserved 1048576K
}
Event: 15.921 GC heap before
{Heap before GC invocations=39 (full 0):
 garbage-first heap   total 259072K, used 204839K [0x0000000080000000, 0x0000000100000000)
  region size 1024K, 119 young (121856K), 16 survivors (16384K)
 Metaspace       used 105601K, committed 106368K, reserved 1179648K
  class space    used 14505K, committed 14912K, reserved 1048576K
}
Event: 15.945 GC heap after
{Heap after GC invocations=40 (full 0):
 garbage-first heap   total 259072K, used 108046K [0x0000000080000000, 0x0000000100000000)
  region size 1024K, 8 young (8192K), 8 survivors (8192K)
 Metaspace       used 105601K, committed 106368K, reserved 1179648K
  class space    used 14505K, committed 14912K, reserved 1048576K
}

