# JRE version: OpenJDK Runtime Environment (17.0.10) (build 17.0.10+0--11609105)
# Java VM: OpenJDK 64-Bit Server VM (17.0.10+0--11609105, mixed mode, tiered, compressed oops, compressed class ptrs, g1 gc, windows-amd64)
GC Precious Log:
 CPUs: 8 total, 8 available
 Memory: 7932M
 Large Page Support: Disabled
 NUMA Support: Disabled
 Compressed Oops: Enabled (32-bit)
 Heap Region Size: 1M
 Heap Min Capacity: 8M
 Heap Initial Capacity: 124M
 Heap Max Capacity: 2G
 Pre-touch: Disabled
 Parallel Workers: 8
 Concurrent Workers: 2
 Concurrent Refinement Workers: 8
 Periodic GC: Disabled
Heap:
 garbage-first heap   total 164864K, used 99398K [0x0000000080000000, 0x0000000100000000)
  region size 1024K, 3 young (3072K), 3 survivors (3072K)
 Metaspace       used 104329K, committed 105088K, reserved 1179648K
  class space    used 14323K, committed 14656K, reserved 1048576K
GC Heap History (20 events):
Event: 17.584 GC heap before
{Heap before GC invocations=39 (full 0):
 garbage-first heap   total 164864K, used 126348K [0x0000000080000000, 0x0000000100000000)
  region size 1024K, 49 young (50176K), 4 survivors (4096K)
 Metaspace       used 82629K, committed 83264K, reserved 1179648K
  class space    used 11151K, committed 11456K, reserved 1048576K
}
Event: 17.590 GC heap after
{Heap after GC invocations=40 (full 0):
 garbage-first heap   total 164864K, used 82851K [0x0000000080000000, 0x0000000100000000)
  region size 1024K, 6 young (6144K), 6 survivors (6144K)
 Metaspace       used 82629K, committed 83264K, reserved 1179648K
  class space    used 11151K, committed 11456K, reserved 1048576K
}
Event: 17.895 GC heap before
{Heap before GC invocations=40 (full 0):
 garbage-first heap   total 164864K, used 111523K [0x0000000080000000, 0x0000000100000000)
  region size 1024K, 35 young (35840K), 6 survivors (6144K)
 Metaspace       used 84708K, committed 85312K, reserved 1179648K
  class space    used 11440K, committed 11776K, reserved 1048576K
}
Event: 17.901 GC heap after
{Heap after GC invocations=41 (full 0):
 garbage-first heap   total 164864K, used 84294K [0x0000000080000000, 0x0000000100000000)
  region size 1024K, 4 young (4096K), 4 survivors (4096K)
 Metaspace       used 84708K, committed 85312K, reserved 1179648K
  class space    used 11440K, committed 11776K, reserved 1048576K
}
Event: 18.447 GC heap before
{Heap before GC invocations=42 (full 0):
 garbage-first heap   total 164864K, used 132422K [0x0000000080000000, 0x0000000100000000)
  region size 1024K, 50 young (51200K), 4 survivors (4096K)
 Metaspace       used 88008K, committed 88704K, reserved 1179648K
  class space    used 12083K, committed 12416K, reserved 1048576K
}
Event: 18.451 GC heap after
{Heap after GC invocations=43 (full 0):
 garbage-first heap   total 164864K, used 85745K [0x0000000080000000, 0x0000000100000000)
  region size 1024K, 3 young (3072K), 3 survivors (3072K)
 Metaspace       used 88008K, committed 88704K, reserved 1179648K
  class space    used 12083K, committed 12416K, reserved 1048576K
}
Event: 18.518 GC heap before
{Heap before GC invocations=43 (full 0):
 garbage-first heap   total 164864K, used 89841K [0x0000000080000000, 0x0000000100000000)
  region size 1024K, 8 young (8192K), 3 survivors (3072K)
 Metaspace       used 88394K, committed 89024K, reserved 1179648K
  class space    used 12153K, committed 12480K, reserved 1048576K
}
Event: 18.521 GC heap after
{Heap after GC invocations=44 (full 0):
 garbage-first heap   total 164864K, used 85510K [0x0000000080000000, 0x0000000100000000)
  region size 1024K, 1 young (1024K), 1 survivors (1024K)
 Metaspace       used 88394K, committed 89024K, reserved 1179648K
  class space    used 12153K, committed 12480K, reserved 1048576K
}
Event: 19.223 GC heap before
{Heap before GC invocations=44 (full 0):
 garbage-first heap   total 164864K, used 133638K [0x0000000080000000, 0x0000000100000000)
  region size 1024K, 48 young (49152K), 1 survivors (1024K)
 Metaspace       used 91612K, committed 92288K, reserved 1179648K
  class space    used 12631K, committed 12928K, reserved 1048576K
}
Event: 19.226 GC heap after
{Heap after GC invocations=45 (full 0):
 garbage-first heap   total 164864K, used 87379K [0x0000000080000000, 0x0000000100000000)
  region size 1024K, 3 young (3072K), 3 survivors (3072K)
 Metaspace       used 91612K, committed 92288K, reserved 1179648K
  class space    used 12631K, committed 12928K, reserved 1048576K
}
Event: 19.907 GC heap before
{Heap before GC invocations=46 (full 0):
 garbage-first heap   total 164864K, used 134483K [0x0000000080000000, 0x0000000100000000)
  region size 1024K, 49 young (50176K), 3 survivors (3072K)
 Metaspace       used 95137K, committed 95872K, reserved 1179648K
  class space    used 13155K, committed 13504K, reserved 1048576K
}
Event: 19.911 GC heap after
{Heap after GC invocations=47 (full 0):
 garbage-first heap   total 164864K, used 89885K [0x0000000080000000, 0x0000000100000000)
  region size 1024K, 5 young (5120K), 5 survivors (5120K)
 Metaspace       used 95137K, committed 95872K, reserved 1179648K
  class space    used 13155K, committed 13504K, reserved 1048576K
}
Event: 19.935 GC heap before
{Heap before GC invocations=47 (full 0):
 garbage-first heap   total 164864K, used 91933K [0x0000000080000000, 0x0000000100000000)
  region size 1024K, 8 young (8192K), 5 survivors (5120K)
 Metaspace       used 95409K, committed 96064K, reserved 1179648K
  class space    used 13193K, committed 13504K, reserved 1048576K
}
Event: 19.939 GC heap after
{Heap after GC invocations=48 (full 0):
 garbage-first heap   total 164864K, used 90070K [0x0000000080000000, 0x0000000100000000)
  region size 1024K, 1 young (1024K), 1 survivors (1024K)
 Metaspace       used 95409K, committed 96064K, reserved 1179648K
  class space    used 13193K, committed 13504K, reserved 1048576K
}
Event: 20.979 GC heap before
{Heap before GC invocations=48 (full 0):
 garbage-first heap   total 164864K, used 136150K [0x0000000080000000, 0x0000000100000000)
  region size 1024K, 46 young (47104K), 1 survivors (1024K)
 Metaspace       used 99463K, committed 100096K, reserved 1179648K
  class space    used 13757K, committed 14080K, reserved 1048576K
}
Event: 20.982 GC heap after
{Heap after GC invocations=49 (full 0):
 garbage-first heap   total 164864K, used 92071K [0x0000000080000000, 0x0000000100000000)
  region size 1024K, 3 young (3072K), 3 survivors (3072K)
 Metaspace       used 99463K, committed 100096K, reserved 1179648K
  class space    used 13757K, committed 14080K, reserved 1048576K
}
Event: 21.827 GC heap before
{Heap before GC invocations=50 (full 0):
 garbage-first heap   total 164864K, used 141223K [0x0000000080000000, 0x0000000100000000)
  region size 1024K, 47 young (48128K), 3 survivors (3072K)
 Metaspace       used 102790K, committed 103488K, reserved 1179648K
  class space    used 14097K, committed 14464K, reserved 1048576K
}
Event: 21.836 GC heap after
{Heap after GC invocations=51 (full 0):
 garbage-first heap   total 164864K, used 97095K [0x0000000080000000, 0x0000000100000000)
  region size 1024K, 6 young (6144K), 6 survivors (6144K)
 Metaspace       used 102790K, committed 103488K, reserved 1179648K
  class space    used 14097K, committed 14464K, reserved 1048576K
}
Event: 21.880 GC heap before
{Heap before GC invocations=51 (full 0):
 garbage-first heap   total 164864K, used 99143K [0x0000000080000000, 0x0000000100000000)
  region size 1024K, 8 young (8192K), 6 survivors (6144K)
 Metaspace       used 103031K, committed 103744K, reserved 1179648K
  class space    used 14142K, committed 14464K, reserved 1048576K
}
Event: 21.890 GC heap after
{Heap after GC invocations=52 (full 0):
 garbage-first heap   total 164864K, used 97814K [0x0000000080000000, 0x0000000100000000)
  region size 1024K, 1 young (1024K), 1 survivors (1024K)
 Metaspace       used 103031K, committed 103744K, reserved 1179648K
  class space    used 14142K, committed 14464K, reserved 1048576K
}

