# JRE version: OpenJDK Runtime Environment (17.0.10) (build 17.0.10+0--11609105)
# Java VM: OpenJDK 64-Bit Server VM (17.0.10+0--11609105, mixed mode, tiered, compressed oops, compressed class ptrs, g1 gc, windows-amd64)
GC Precious Log:
 CPUs: 8 total, 8 available
 Memory: 7932M
 Large Page Support: Disabled
 NUMA Support: Disabled
 Compressed Oops: Enabled (32-bit)
 Heap Region Size: 1M
 Heap Min Capacity: 8M
 Heap Initial Capacity: 124M
 Heap Max Capacity: 2G
 Pre-touch: Disabled
 Parallel Workers: 8
 Concurrent Workers: 2
 Concurrent Refinement Workers: 8
 Periodic GC: Disabled
Heap:
 garbage-first heap   total 159744K, used 89608K [0x0000000080000000, 0x0000000100000000)
  region size 1024K, 2 young (2048K), 2 survivors (2048K)
 Metaspace       used 84656K, committed 85248K, reserved 1179648K
  class space    used 11463K, committed 11712K, reserved 1048576K
GC Heap History (20 events):
Event: 6.394 GC heap after
{Heap after GC invocations=20 (full 0):
 garbage-first heap   total 103424K, used 63697K [0x0000000080000000, 0x0000000100000000)
  region size 1024K, 3 young (3072K), 3 survivors (3072K)
 Metaspace       used 58229K, committed 58752K, reserved 1114112K
  class space    used 8006K, committed 8256K, reserved 1048576K
}
Event: 6.409 GC heap before
{Heap before GC invocations=20 (full 0):
 garbage-first heap   total 103424K, used 64721K [0x0000000080000000, 0x0000000100000000)
  region size 1024K, 5 young (5120K), 3 survivors (3072K)
 Metaspace       used 58311K, committed 58816K, reserved 1114112K
  class space    used 8015K, committed 8256K, reserved 1048576K
}
Event: 6.411 GC heap after
{Heap after GC invocations=21 (full 0):
 garbage-first heap   total 103424K, used 63908K [0x0000000080000000, 0x0000000100000000)
  region size 1024K, 1 young (1024K), 1 survivors (1024K)
 Metaspace       used 58311K, committed 58816K, reserved 1114112K
  class space    used 8015K, committed 8256K, reserved 1048576K
}
Event: 6.428 GC heap before
{Heap before GC invocations=21 (full 0):
 garbage-first heap   total 103424K, used 64932K [0x0000000080000000, 0x0000000100000000)
  region size 1024K, 3 young (3072K), 1 survivors (1024K)
 Metaspace       used 58418K, committed 59008K, reserved 1114112K
  class space    used 8022K, committed 8320K, reserved 1048576K
}
Event: 6.430 GC heap after
{Heap after GC invocations=22 (full 0):
 garbage-first heap   total 159744K, used 63816K [0x0000000080000000, 0x0000000100000000)
  region size 1024K, 1 young (1024K), 1 survivors (1024K)
 Metaspace       used 58418K, committed 59008K, reserved 1114112K
  class space    used 8022K, committed 8320K, reserved 1048576K
}
Event: 7.007 GC heap before
{Heap before GC invocations=22 (full 0):
 garbage-first heap   total 159744K, used 110920K [0x0000000080000000, 0x0000000100000000)
  region size 1024K, 46 young (47104K), 1 survivors (1024K)
 Metaspace       used 62822K, committed 63424K, reserved 1114112K
  class space    used 8539K, committed 8832K, reserved 1048576K
}
Event: 7.009 GC heap after
{Heap after GC invocations=23 (full 0):
 garbage-first heap   total 159744K, used 65981K [0x0000000080000000, 0x0000000100000000)
  region size 1024K, 2 young (2048K), 2 survivors (2048K)
 Metaspace       used 62822K, committed 63424K, reserved 1114112K
  class space    used 8539K, committed 8832K, reserved 1048576K
}
Event: 7.637 GC heap before
{Heap before GC invocations=23 (full 0):
 garbage-first heap   total 159744K, used 114109K [0x0000000080000000, 0x0000000100000000)
  region size 1024K, 49 young (50176K), 2 survivors (2048K)
 Metaspace       used 67543K, committed 68160K, reserved 1114112K
  class space    used 9150K, committed 9472K, reserved 1048576K
}
Event: 7.641 GC heap after
{Heap after GC invocations=24 (full 0):
 garbage-first heap   total 159744K, used 67969K [0x0000000080000000, 0x0000000100000000)
  region size 1024K, 4 young (4096K), 4 survivors (4096K)
 Metaspace       used 67543K, committed 68160K, reserved 1114112K
  class space    used 9150K, committed 9472K, reserved 1048576K
}
Event: 8.262 GC heap before
{Heap before GC invocations=24 (full 0):
 garbage-first heap   total 159744K, used 123265K [0x0000000080000000, 0x0000000100000000)
  region size 1024K, 53 young (54272K), 4 survivors (4096K)
 Metaspace       used 71416K, committed 72064K, reserved 1114112K
  class space    used 9639K, committed 9920K, reserved 1048576K
}
Event: 8.267 GC heap after
{Heap after GC invocations=25 (full 0):
 garbage-first heap   total 159744K, used 73495K [0x0000000080000000, 0x0000000100000000)
  region size 1024K, 7 young (7168K), 7 survivors (7168K)
 Metaspace       used 71416K, committed 72064K, reserved 1114112K
  class space    used 9639K, committed 9920K, reserved 1048576K
}
Event: 8.979 GC heap before
{Heap before GC invocations=25 (full 0):
 garbage-first heap   total 159744K, used 125719K [0x0000000080000000, 0x0000000100000000)
  region size 1024K, 54 young (55296K), 7 survivors (7168K)
 Metaspace       used 75591K, committed 76160K, reserved 1179648K
  class space    used 10203K, committed 10496K, reserved 1048576K
}
Event: 8.990 GC heap after
{Heap after GC invocations=26 (full 0):
 garbage-first heap   total 159744K, used 81588K [0x0000000080000000, 0x0000000100000000)
  region size 1024K, 4 young (4096K), 4 survivors (4096K)
 Metaspace       used 75591K, committed 76160K, reserved 1179648K
  class space    used 10203K, committed 10496K, reserved 1048576K
}
Event: 9.539 GC heap before
{Heap before GC invocations=26 (full 0):
 garbage-first heap   total 159744K, used 125620K [0x0000000080000000, 0x0000000100000000)
  region size 1024K, 47 young (48128K), 4 survivors (4096K)
 Metaspace       used 80111K, committed 80704K, reserved 1179648K
  class space    used 10826K, committed 11136K, reserved 1048576K
}
Event: 9.544 GC heap after
{Heap after GC invocations=27 (full 0):
 garbage-first heap   total 159744K, used 83285K [0x0000000080000000, 0x0000000100000000)
  region size 1024K, 2 young (2048K), 2 survivors (2048K)
 Metaspace       used 80111K, committed 80704K, reserved 1179648K
  class space    used 10826K, committed 11136K, reserved 1048576K
}
Event: 10.041 GC heap before
{Heap before GC invocations=28 (full 0):
 garbage-first heap   total 159744K, used 128341K [0x0000000080000000, 0x0000000100000000)
  region size 1024K, 46 young (47104K), 2 survivors (2048K)
 Metaspace       used 81682K, committed 82304K, reserved 1179648K
  class space    used 11057K, committed 11328K, reserved 1048576K
}
Event: 10.048 GC heap after
{Heap after GC invocations=29 (full 0):
 garbage-first heap   total 159744K, used 88013K [0x0000000080000000, 0x0000000100000000)
  region size 1024K, 6 young (6144K), 6 survivors (6144K)
 Metaspace       used 81682K, committed 82304K, reserved 1179648K
  class space    used 11057K, committed 11328K, reserved 1048576K
}
Event: 10.057 GC heap before
{Heap before GC invocations=29 (full 0):
 garbage-first heap   total 159744K, used 89037K [0x0000000080000000, 0x0000000100000000)
  region size 1024K, 7 young (7168K), 6 survivors (6144K)
 Metaspace       used 81682K, committed 82304K, reserved 1179648K
  class space    used 11057K, committed 11328K, reserved 1048576K
}
Event: 10.063 GC heap after
{Heap after GC invocations=30 (full 0):
 garbage-first heap   total 159744K, used 88555K [0x0000000080000000, 0x0000000100000000)
  region size 1024K, 1 young (1024K), 1 survivors (1024K)
 Metaspace       used 81682K, committed 82304K, reserved 1179648K
  class space    used 11057K, committed 11328K, reserved 1048576K
}
Event: 10.701 GC heap before
{Heap before GC invocations=30 (full 0):
 garbage-first heap   total 159744K, used 129515K [0x0000000080000000, 0x0000000100000000)
  region size 1024K, 41 young (41984K), 1 survivors (1024K)
 Metaspace       used 84656K, committed 85248K, reserved 1179648K
  class space    used 11463K, committed 11712K, reserved 1048576K
}

