# JRE version: OpenJDK Runtime Environment (17.0.10) (build 17.0.10+0--11609105)
# Java VM: OpenJDK 64-Bit Server VM (17.0.10+0--11609105, mixed mode, tiered, compressed oops, compressed class ptrs, g1 gc, windows-amd64)
GC Precious Log:
 CPUs: 8 total, 8 available
 Memory: 7932M
 Large Page Support: Disabled
 NUMA Support: Disabled
 Compressed Oops: Enabled (32-bit)
 Heap Region Size: 1M
 Heap Min Capacity: 8M
 Heap Initial Capacity: 124M
 Heap Max Capacity: 2G
 Pre-touch: Disabled
 Parallel Workers: 8
 Concurrent Workers: 2
 Concurrent Refinement Workers: 8
 Periodic GC: Disabled
Heap:
 garbage-first heap   total 130048K, used 63804K [0x0000000080000000, 0x0000000100000000)
  region size 1024K, 1 young (1024K), 1 survivors (1024K)
 Metaspace       used 59522K, committed 60160K, reserved 1114112K
  class space    used 8163K, committed 8448K, reserved 1048576K
GC Heap History (20 events):
Event: 10.363 GC heap after
{Heap after GC invocations=13 (full 0):
 garbage-first heap   total 71680K, used 33529K [0x0000000080000000, 0x0000000100000000)
  region size 1024K, 3 young (3072K), 3 survivors (3072K)
 Metaspace       used 48426K, committed 48896K, reserved 1114112K
  class space    used 6629K, committed 6848K, reserved 1048576K
}
Event: 10.789 GC heap before
{Heap before GC invocations=13 (full 0):
 garbage-first heap   total 71680K, used 56057K [0x0000000080000000, 0x0000000100000000)
  region size 1024K, 26 young (26624K), 3 survivors (3072K)
 Metaspace       used 51547K, committed 52032K, reserved 1114112K
  class space    used 7143K, committed 7360K, reserved 1048576K
}
Event: 10.794 GC heap after
{Heap after GC invocations=14 (full 0):
 garbage-first heap   total 71680K, used 35009K [0x0000000080000000, 0x0000000100000000)
  region size 1024K, 3 young (3072K), 3 survivors (3072K)
 Metaspace       used 51547K, committed 52032K, reserved 1114112K
  class space    used 7143K, committed 7360K, reserved 1048576K
}
Event: 10.913 GC heap before
{Heap before GC invocations=14 (full 0):
 garbage-first heap   total 71680K, used 41153K [0x0000000080000000, 0x0000000100000000)
  region size 1024K, 11 young (11264K), 3 survivors (3072K)
 Metaspace       used 52298K, committed 52736K, reserved 1114112K
  class space    used 7263K, committed 7424K, reserved 1048576K
}
Event: 10.917 GC heap after
{Heap after GC invocations=15 (full 0):
 garbage-first heap   total 86016K, used 35693K [0x0000000080000000, 0x0000000100000000)
  region size 1024K, 3 young (3072K), 3 survivors (3072K)
 Metaspace       used 52298K, committed 52736K, reserved 1114112K
  class space    used 7263K, committed 7424K, reserved 1048576K
}
Event: 11.779 GC heap before
{Heap before GC invocations=15 (full 0):
 garbage-first heap   total 86016K, used 69485K [0x0000000080000000, 0x0000000100000000)
  region size 1024K, 34 young (34816K), 3 survivors (3072K)
 Metaspace       used 55841K, committed 56384K, reserved 1114112K
  class space    used 7657K, committed 7936K, reserved 1048576K
}
Event: 11.785 GC heap after
{Heap after GC invocations=16 (full 0):
 garbage-first heap   total 86016K, used 38851K [0x0000000080000000, 0x0000000100000000)
  region size 1024K, 5 young (5120K), 5 survivors (5120K)
 Metaspace       used 55841K, committed 56384K, reserved 1114112K
  class space    used 7657K, committed 7936K, reserved 1048576K
}
Event: 12.077 GC heap before
{Heap before GC invocations=16 (full 0):
 garbage-first heap   total 86016K, used 66499K [0x0000000080000000, 0x0000000100000000)
  region size 1024K, 33 young (33792K), 5 survivors (5120K)
 Metaspace       used 56535K, committed 57088K, reserved 1114112K
  class space    used 7746K, committed 8000K, reserved 1048576K
}
Event: 12.085 GC heap after
{Heap after GC invocations=17 (full 0):
 garbage-first heap   total 86016K, used 41980K [0x0000000080000000, 0x0000000100000000)
  region size 1024K, 4 young (4096K), 4 survivors (4096K)
 Metaspace       used 56535K, committed 57088K, reserved 1114112K
  class space    used 7746K, committed 8000K, reserved 1048576K
}
Event: 12.214 GC heap before
{Heap before GC invocations=17 (full 0):
 garbage-first heap   total 86016K, used 52220K [0x0000000080000000, 0x0000000100000000)
  region size 1024K, 15 young (15360K), 4 survivors (4096K)
 Metaspace       used 56883K, committed 57408K, reserved 1114112K
  class space    used 7786K, committed 8064K, reserved 1048576K
}
Event: 12.218 GC heap after
{Heap after GC invocations=18 (full 0):
 garbage-first heap   total 86016K, used 42814K [0x0000000080000000, 0x0000000100000000)
  region size 1024K, 2 young (2048K), 2 survivors (2048K)
 Metaspace       used 56883K, committed 57408K, reserved 1114112K
  class space    used 7786K, committed 8064K, reserved 1048576K
}
Event: 12.806 GC heap before
{Heap before GC invocations=19 (full 0):
 garbage-first heap   total 86016K, used 77630K [0x0000000080000000, 0x0000000100000000)
  region size 1024K, 24 young (24576K), 2 survivors (2048K)
 Metaspace       used 57975K, committed 58560K, reserved 1114112K
  class space    used 7978K, committed 8256K, reserved 1048576K
}
Event: 12.810 GC heap after
{Heap after GC invocations=20 (full 0):
 garbage-first heap   total 89088K, used 62771K [0x0000000080000000, 0x0000000100000000)
  region size 1024K, 4 young (4096K), 4 survivors (4096K)
 Metaspace       used 57975K, committed 58560K, reserved 1114112K
  class space    used 7978K, committed 8256K, reserved 1048576K
}
Event: 12.819 GC heap before
{Heap before GC invocations=20 (full 0):
 garbage-first heap   total 89088K, used 62771K [0x0000000080000000, 0x0000000100000000)
  region size 1024K, 5 young (5120K), 4 survivors (4096K)
 Metaspace       used 58059K, committed 58624K, reserved 1114112K
  class space    used 7988K, committed 8256K, reserved 1048576K
}
Event: 12.822 GC heap after
{Heap after GC invocations=21 (full 0):
 garbage-first heap   total 89088K, used 62621K [0x0000000080000000, 0x0000000100000000)
  region size 1024K, 1 young (1024K), 1 survivors (1024K)
 Metaspace       used 58059K, committed 58624K, reserved 1114112K
  class space    used 7988K, committed 8256K, reserved 1048576K
}
Event: 12.881 GC heap before
{Heap before GC invocations=21 (full 0):
 garbage-first heap   total 89088K, used 66717K [0x0000000080000000, 0x0000000100000000)
  region size 1024K, 7 young (7168K), 1 survivors (1024K)
 Metaspace       used 58402K, committed 59008K, reserved 1114112K
  class space    used 8012K, committed 8320K, reserved 1048576K
}
Event: 12.882 GC heap after
{Heap after GC invocations=22 (full 0):
 garbage-first heap   total 89088K, used 62832K [0x0000000080000000, 0x0000000100000000)
  region size 1024K, 1 young (1024K), 1 survivors (1024K)
 Metaspace       used 58402K, committed 59008K, reserved 1114112K
  class space    used 8012K, committed 8320K, reserved 1048576K
}
Event: 13.033 GC heap before
{Heap before GC invocations=23 (full 0):
 garbage-first heap   total 114688K, used 73072K [0x0000000080000000, 0x0000000100000000)
  region size 1024K, 11 young (11264K), 1 survivors (1024K)
 Metaspace       used 59146K, committed 59776K, reserved 1114112K
  class space    used 8110K, committed 8384K, reserved 1048576K
}
Event: 13.035 GC heap after
{Heap after GC invocations=24 (full 0):
 garbage-first heap   total 114688K, used 64172K [0x0000000080000000, 0x0000000100000000)
  region size 1024K, 1 young (1024K), 1 survivors (1024K)
 Metaspace       used 59146K, committed 59776K, reserved 1114112K
  class space    used 8110K, committed 8384K, reserved 1048576K
}
Event: 13.092 GC heap before
{Heap before GC invocations=24 (full 0):
 garbage-first heap   total 114688K, used 67244K [0x0000000080000000, 0x0000000100000000)
  region size 1024K, 5 young (5120K), 1 survivors (1024K)
 Metaspace       used 59522K, committed 60160K, reserved 1114112K
  class space    used 8163K, committed 8448K, reserved 1048576K
}

