# JRE version: OpenJDK Runtime Environment (17.0.10) (build 17.0.10+0--11609105)
# Java VM: OpenJDK 64-Bit Server VM (17.0.10+0--11609105, mixed mode, tiered, compressed oops, compressed class ptrs, g1 gc, windows-amd64)
GC Precious Log:
 CPUs: 8 total, 8 available
 Memory: 7932M
 Large Page Support: Disabled
 NUMA Support: Disabled
 Compressed Oops: Enabled (32-bit)
 Heap Region Size: 1M
 Heap Min Capacity: 8M
 Heap Initial Capacity: 124M
 Heap Max Capacity: 2G
 Pre-touch: Disabled
 Parallel Workers: 8
 Concurrent Workers: 2
 Concurrent Refinement Workers: 8
 Periodic GC: Disabled
Heap:
 garbage-first heap   total 225280K, used 142452K [0x0000000080000000, 0x0000000100000000)
  region size 1024K, 34 young (34816K), 4 survivors (4096K)
 Metaspace       used 111407K, committed 112192K, reserved 1179648K
  class space    used 15048K, committed 15424K, reserved 1048576K
GC Heap History (20 events):
Event: 9.881 GC heap before
{Heap before GC invocations=32 (full 0):
 garbage-first heap   total 135168K, used 76262K [0x0000000080000000, 0x0000000100000000)
  region size 1024K, 6 young (6144K), 2 survivors (2048K)
 Metaspace       used 72981K, committed 73600K, reserved 1114112K
  class space    used 9850K, committed 10176K, reserved 1048576K
}
Event: 9.883 GC heap after
{Heap after GC invocations=33 (full 0):
 garbage-first heap   total 135168K, used 72471K [0x0000000080000000, 0x0000000100000000)
  region size 1024K, 1 young (1024K), 1 survivors (1024K)
 Metaspace       used 72981K, committed 73600K, reserved 1114112K
  class space    used 9850K, committed 10176K, reserved 1048576K
}
Event: 10.421 GC heap before
{Heap before GC invocations=33 (full 0):
 garbage-first heap   total 135168K, used 109335K [0x0000000080000000, 0x0000000100000000)
  region size 1024K, 34 young (34816K), 1 survivors (1024K)
 Metaspace       used 76791K, committed 77440K, reserved 1179648K
  class space    used 10377K, committed 10688K, reserved 1048576K
}
Event: 10.425 GC heap after
{Heap after GC invocations=34 (full 0):
 garbage-first heap   total 135168K, used 78425K [0x0000000080000000, 0x0000000100000000)
  region size 1024K, 3 young (3072K), 3 survivors (3072K)
 Metaspace       used 76791K, committed 77440K, reserved 1179648K
  class space    used 10377K, committed 10688K, reserved 1048576K
}
Event: 10.776 GC heap before
{Heap before GC invocations=34 (full 0):
 garbage-first heap   total 135168K, used 109145K [0x0000000080000000, 0x0000000100000000)
  region size 1024K, 33 young (33792K), 3 survivors (3072K)
 Metaspace       used 79972K, committed 80576K, reserved 1179648K
  class space    used 10803K, committed 11072K, reserved 1048576K
}
Event: 10.780 GC heap after
{Heap after GC invocations=35 (full 0):
 garbage-first heap   total 135168K, used 80083K [0x0000000080000000, 0x0000000100000000)
  region size 1024K, 5 young (5120K), 5 survivors (5120K)
 Metaspace       used 79972K, committed 80576K, reserved 1179648K
  class space    used 10803K, committed 11072K, reserved 1048576K
}
Event: 11.183 GC heap before
{Heap before GC invocations=35 (full 0):
 garbage-first heap   total 135168K, used 109779K [0x0000000080000000, 0x0000000100000000)
  region size 1024K, 34 young (34816K), 5 survivors (5120K)
 Metaspace       used 81736K, committed 82368K, reserved 1179648K
  class space    used 11049K, committed 11328K, reserved 1048576K
}
Event: 11.188 GC heap after
{Heap after GC invocations=36 (full 0):
 garbage-first heap   total 225280K, used 82303K [0x0000000080000000, 0x0000000100000000)
  region size 1024K, 4 young (4096K), 4 survivors (4096K)
 Metaspace       used 81736K, committed 82368K, reserved 1179648K
  class space    used 11049K, committed 11328K, reserved 1048576K
}
Event: 12.569 GC heap before
{Heap before GC invocations=36 (full 0):
 garbage-first heap   total 225280K, used 173439K [0x0000000080000000, 0x0000000100000000)
  region size 1024K, 93 young (95232K), 4 survivors (4096K)
 Metaspace       used 87316K, committed 87872K, reserved 1179648K
  class space    used 11959K, committed 12224K, reserved 1048576K
}
Event: 12.575 GC heap after
{Heap after GC invocations=37 (full 0):
 garbage-first heap   total 225280K, used 86268K [0x0000000080000000, 0x0000000100000000)
  region size 1024K, 8 young (8192K), 8 survivors (8192K)
 Metaspace       used 87316K, committed 87872K, reserved 1179648K
  class space    used 11959K, committed 12224K, reserved 1048576K
}
Event: 13.869 GC heap before
{Heap before GC invocations=37 (full 0):
 garbage-first heap   total 225280K, used 177404K [0x0000000080000000, 0x0000000100000000)
  region size 1024K, 97 young (99328K), 8 survivors (8192K)
 Metaspace       used 93709K, committed 94400K, reserved 1179648K
  class space    used 12953K, committed 13312K, reserved 1048576K
}
Event: 13.882 GC heap after
{Heap after GC invocations=38 (full 0):
 garbage-first heap   total 225280K, used 90805K [0x0000000080000000, 0x0000000100000000)
  region size 1024K, 11 young (11264K), 11 survivors (11264K)
 Metaspace       used 93709K, committed 94400K, reserved 1179648K
  class space    used 12953K, committed 13312K, reserved 1048576K
}
Event: 15.095 GC heap before
{Heap before GC invocations=38 (full 0):
 garbage-first heap   total 225280K, used 180917K [0x0000000080000000, 0x0000000100000000)
  region size 1024K, 99 young (101376K), 11 survivors (11264K)
 Metaspace       used 100672K, committed 101440K, reserved 1179648K
  class space    used 13947K, committed 14336K, reserved 1048576K
}
Event: 15.108 GC heap after
{Heap after GC invocations=39 (full 0):
 garbage-first heap   total 225280K, used 96157K [0x0000000080000000, 0x0000000100000000)
  region size 1024K, 10 young (10240K), 10 survivors (10240K)
 Metaspace       used 100672K, committed 101440K, reserved 1179648K
  class space    used 13947K, committed 14336K, reserved 1048576K
}
Event: 16.192 GC heap before
{Heap before GC invocations=39 (full 0):
 garbage-first heap   total 225280K, used 189341K [0x0000000080000000, 0x0000000100000000)
  region size 1024K, 97 young (99328K), 10 survivors (10240K)
 Metaspace       used 104810K, committed 105600K, reserved 1179648K
  class space    used 14417K, committed 14784K, reserved 1048576K
}
Event: 16.216 GC heap after
{Heap after GC invocations=40 (full 0):
 garbage-first heap   total 225280K, used 105227K [0x0000000080000000, 0x0000000100000000)
  region size 1024K, 13 young (13312K), 13 survivors (13312K)
 Metaspace       used 104810K, committed 105600K, reserved 1179648K
  class space    used 14417K, committed 14784K, reserved 1048576K
}
Event: 16.954 GC heap before
{Heap before GC invocations=40 (full 0):
 garbage-first heap   total 225280K, used 183051K [0x0000000080000000, 0x0000000100000000)
  region size 1024K, 90 young (92160K), 13 survivors (13312K)
 Metaspace       used 105575K, committed 106368K, reserved 1179648K
  class space    used 14487K, committed 14912K, reserved 1048576K
}
Event: 16.972 GC heap after
{Heap after GC invocations=41 (full 0):
 garbage-first heap   total 225280K, used 109864K [0x0000000080000000, 0x0000000100000000)
  region size 1024K, 7 young (7168K), 7 survivors (7168K)
 Metaspace       used 105575K, committed 106368K, reserved 1179648K
  class space    used 14487K, committed 14912K, reserved 1048576K
}
Event: 18.330 GC heap before
{Heap before GC invocations=41 (full 0):
 garbage-first heap   total 225280K, used 184616K [0x0000000080000000, 0x0000000100000000)
  region size 1024K, 81 young (82944K), 7 survivors (7168K)
 Metaspace       used 110619K, committed 111360K, reserved 1179648K
  class space    used 15007K, committed 15360K, reserved 1048576K
}
Event: 18.358 GC heap after
{Heap after GC invocations=42 (full 0):
 garbage-first heap   total 225280K, used 112756K [0x0000000080000000, 0x0000000100000000)
  region size 1024K, 4 young (4096K), 4 survivors (4096K)
 Metaspace       used 110619K, committed 111360K, reserved 1179648K
  class space    used 15007K, committed 15360K, reserved 1048576K
}

