# JRE version: OpenJDK Runtime Environment (17.0.10) (build 17.0.10+0--11609105)
# Java VM: OpenJDK 64-Bit Server VM (17.0.10+0--11609105, mixed mode, tiered, compressed oops, compressed class ptrs, g1 gc, windows-amd64)
GC Precious Log:
 CPUs: 8 total, 8 available
 Memory: 7932M
 Large Page Support: Disabled
 NUMA Support: Disabled
 Compressed Oops: Enabled (32-bit)
 Heap Region Size: 1M
 Heap Min Capacity: 8M
 Heap Initial Capacity: 124M
 Heap Max Capacity: 2G
 Pre-touch: Disabled
 Parallel Workers: 8
 Concurrent Workers: 2
 Concurrent Refinement Workers: 8
 Periodic GC: Disabled
Heap:
 garbage-first heap   total 311296K, used 91978K [0x0000000080000000, 0x0000000100000000)
  region size 1024K, 6 young (6144K), 2 survivors (2048K)
 Metaspace       used 84539K, committed 85120K, reserved 1179648K
  class space    used 11452K, committed 11712K, reserved 1048576K
GC Heap History (20 events):
Event: 7.307 GC heap before
{Heap before GC invocations=18 (full 0):
 garbage-first heap   total 89088K, used 63375K [0x0000000080000000, 0x0000000100000000)
  region size 1024K, 5 young (5120K), 4 survivors (4096K)
 Metaspace       used 57844K, committed 58432K, reserved 1114112K
  class space    used 7969K, committed 8256K, reserved 1048576K
}
Event: 7.311 GC heap after
{Heap after GC invocations=19 (full 0):
 garbage-first heap   total 89088K, used 63473K [0x0000000080000000, 0x0000000100000000)
  region size 1024K, 1 young (1024K), 1 survivors (1024K)
 Metaspace       used 57844K, committed 58432K, reserved 1114112K
  class space    used 7969K, committed 8256K, reserved 1048576K
}
Event: 7.422 GC heap before
{Heap before GC invocations=19 (full 0):
 garbage-first heap   total 89088K, used 69617K [0x0000000080000000, 0x0000000100000000)
  region size 1024K, 9 young (9216K), 1 survivors (1024K)
 Metaspace       used 58402K, committed 59008K, reserved 1114112K
  class space    used 8024K, committed 8320K, reserved 1048576K
}
Event: 7.425 GC heap after
{Heap after GC invocations=20 (full 0):
 garbage-first heap   total 157696K, used 63657K [0x0000000080000000, 0x0000000100000000)
  region size 1024K, 1 young (1024K), 1 survivors (1024K)
 Metaspace       used 58402K, committed 59008K, reserved 1114112K
  class space    used 8024K, committed 8320K, reserved 1048576K
}
Event: 8.110 GC heap before
{Heap before GC invocations=20 (full 0):
 garbage-first heap   total 157696K, used 110761K [0x0000000080000000, 0x0000000100000000)
  region size 1024K, 46 young (47104K), 1 survivors (1024K)
 Metaspace       used 62786K, committed 63296K, reserved 1114112K
  class space    used 8536K, committed 8768K, reserved 1048576K
}
Event: 8.112 GC heap after
{Heap after GC invocations=21 (full 0):
 garbage-first heap   total 157696K, used 65720K [0x0000000080000000, 0x0000000100000000)
  region size 1024K, 2 young (2048K), 2 survivors (2048K)
 Metaspace       used 62786K, committed 63296K, reserved 1114112K
  class space    used 8536K, committed 8768K, reserved 1048576K
}
Event: 8.697 GC heap before
{Heap before GC invocations=21 (full 0):
 garbage-first heap   total 157696K, used 113848K [0x0000000080000000, 0x0000000100000000)
  region size 1024K, 49 young (50176K), 2 survivors (2048K)
 Metaspace       used 67542K, committed 68224K, reserved 1114112K
  class space    used 9151K, committed 9472K, reserved 1048576K
}
Event: 8.703 GC heap after
{Heap after GC invocations=22 (full 0):
 garbage-first heap   total 157696K, used 67782K [0x0000000080000000, 0x0000000100000000)
  region size 1024K, 4 young (4096K), 4 survivors (4096K)
 Metaspace       used 67542K, committed 68224K, reserved 1114112K
  class space    used 9151K, committed 9472K, reserved 1048576K
}
Event: 9.329 GC heap before
{Heap before GC invocations=22 (full 0):
 garbage-first heap   total 157696K, used 123078K [0x0000000080000000, 0x0000000100000000)
  region size 1024K, 53 young (54272K), 4 survivors (4096K)
 Metaspace       used 71409K, committed 72064K, reserved 1114112K
  class space    used 9640K, committed 9920K, reserved 1048576K
}
Event: 9.334 GC heap after
{Heap after GC invocations=23 (full 0):
 garbage-first heap   total 157696K, used 73402K [0x0000000080000000, 0x0000000100000000)
  region size 1024K, 7 young (7168K), 7 survivors (7168K)
 Metaspace       used 71409K, committed 72064K, reserved 1114112K
  class space    used 9640K, committed 9920K, reserved 1048576K
}
Event: 9.923 GC heap before
{Heap before GC invocations=23 (full 0):
 garbage-first heap   total 157696K, used 124602K [0x0000000080000000, 0x0000000100000000)
  region size 1024K, 53 young (54272K), 7 survivors (7168K)
 Metaspace       used 75503K, committed 76096K, reserved 1179648K
  class space    used 10192K, committed 10432K, reserved 1048576K
}
Event: 9.930 GC heap after
{Heap after GC invocations=24 (full 0):
 garbage-first heap   total 157696K, used 81189K [0x0000000080000000, 0x0000000100000000)
  region size 1024K, 4 young (4096K), 4 survivors (4096K)
 Metaspace       used 75503K, committed 76096K, reserved 1179648K
  class space    used 10192K, committed 10432K, reserved 1048576K
}
Event: 10.461 GC heap before
{Heap before GC invocations=24 (full 0):
 garbage-first heap   total 157696K, used 125221K [0x0000000080000000, 0x0000000100000000)
  region size 1024K, 47 young (48128K), 4 survivors (4096K)
 Metaspace       used 80065K, committed 80704K, reserved 1179648K
  class space    used 10819K, committed 11072K, reserved 1048576K
}
Event: 10.465 GC heap after
{Heap after GC invocations=25 (full 0):
 garbage-first heap   total 157696K, used 83391K [0x0000000080000000, 0x0000000100000000)
  region size 1024K, 3 young (3072K), 3 survivors (3072K)
 Metaspace       used 80065K, committed 80704K, reserved 1179648K
  class space    used 10819K, committed 11072K, reserved 1048576K
}
Event: 10.982 GC heap before
{Heap before GC invocations=26 (full 0):
 garbage-first heap   total 157696K, used 126399K [0x0000000080000000, 0x0000000100000000)
  region size 1024K, 45 young (46080K), 3 survivors (3072K)
 Metaspace       used 81693K, committed 82240K, reserved 1179648K
  class space    used 11059K, committed 11328K, reserved 1048576K
}
Event: 10.989 GC heap after
{Heap after GC invocations=27 (full 0):
 garbage-first heap   total 157696K, used 87995K [0x0000000080000000, 0x0000000100000000)
  region size 1024K, 6 young (6144K), 6 survivors (6144K)
 Metaspace       used 81693K, committed 82240K, reserved 1179648K
  class space    used 11059K, committed 11328K, reserved 1048576K
}
Event: 11.009 GC heap before
{Heap before GC invocations=27 (full 0):
 garbage-first heap   total 157696K, used 89019K [0x0000000080000000, 0x0000000100000000)
  region size 1024K, 7 young (7168K), 6 survivors (6144K)
 Metaspace       used 81694K, committed 82240K, reserved 1179648K
  class space    used 11059K, committed 11328K, reserved 1048576K
}
Event: 11.018 GC heap after
{Heap after GC invocations=28 (full 0):
 garbage-first heap   total 157696K, used 88181K [0x0000000080000000, 0x0000000100000000)
  region size 1024K, 1 young (1024K), 1 survivors (1024K)
 Metaspace       used 81694K, committed 82240K, reserved 1179648K
  class space    used 11059K, committed 11328K, reserved 1048576K
}
Event: 11.451 GC heap before
{Heap before GC invocations=28 (full 0):
 garbage-first heap   total 157696K, used 127093K [0x0000000080000000, 0x0000000100000000)
  region size 1024K, 39 young (39936K), 1 survivors (1024K)
 Metaspace       used 84292K, committed 84928K, reserved 1179648K
  class space    used 11413K, committed 11712K, reserved 1048576K
}
Event: 11.455 GC heap after
{Heap after GC invocations=29 (full 0):
 garbage-first heap   total 315392K, used 88906K [0x0000000080000000, 0x0000000100000000)
  region size 1024K, 2 young (2048K), 2 survivors (2048K)
 Metaspace       used 84292K, committed 84928K, reserved 1179648K
  class space    used 11413K, committed 11712K, reserved 1048576K
}

